{
  "stats": {
    "suites": 1,
    "tests": 1,
    "passes": 0,
    "pending": 0,
    "failures": 1,
    "start": "2019-05-31T21:08:42.159Z",
    "end": "2019-05-31T21:08:42.995Z",
    "duration": 836,
    "testsRegistered": 1,
    "passPercent": 0,
    "pendingPercent": 0,
    "other": 0,
    "hasOther": false,
    "skipped": 0,
    "hasSkipped": false,
    "passPercentClass": "danger",
    "pendingPercentClass": "danger"
  },
  "suites": {
    "uuid": "08d98af8-4b90-4641-b0bc-5b7c39a2bc1a",
    "title": "",
    "fullFile": "",
    "file": "",
    "beforeHooks": [],
    "afterHooks": [],
    "tests": [],
    "suites": [
      {
        "uuid": "0ecce149-42f5-418a-8036-d16ffbdfc08f",
        "title": "Testes na Api de Enquete",
        "fullFile": "C:\\Users\\rafael.ramos\\Desktop\\LTM\\Projetos\\Mercedes\\Automacao\\Branches\\NovaEnquete\\MercedesClub-Testes\\api\\enquete.js",
        "file": "\\api\\enquete.js",
        "beforeHooks": [
          {
            "title": "\"before all\" hook: setup",
            "fullTitle": "Testes na Api de Enquete \"before all\" hook: setup",
            "timedOut": false,
            "duration": 814,
            "pass": false,
            "fail": false,
            "pending": false,
            "code": "var acesso = new Token()\nconfig.enquete.login = config.ADMINUSERNAME\nconfig.enquete.senha = config.ADMINPASS\nconfig.enquete.client_id = config.ADMINCLIENT_ID\nconfig.enquete.token = await acesso.gerarToken(config.enquete)",
            "err": {},
            "isRoot": false,
            "uuid": "a58e1310-65e4-4c82-bcdf-63561e938038",
            "isHook": true,
            "skipped": false
          }
        ],
        "afterHooks": [],
        "tests": [
          {
            "title": "Deve editar status da Enquete de ativo para inativo durante o período de vigência",
            "fullTitle": "Testes na Api de Enquete Deve editar status da Enquete de ativo para inativo durante o período de vigência",
            "timedOut": false,
            "duration": 1,
            "state": "failed",
            "pass": false,
            "fail": true,
            "pending": false,
            "code": "var enquete = new ValidaEnquete()\nawait enquete.enqueteAtivoVigente()\nawait enquete.bodyEditarenqueteAtivoInativo()\nawait enquete.editarenquete(config.enquete)",
            "err": {
              "message": "TypeError: Cannot read property 'length' of undefined",
              "estack": "TypeError: Cannot read property 'length' of undefined\n    at ValidaEnquete.enqueteAtivoVigente (validation\\validaEnquete.js:59:63)"
            },
            "isRoot": false,
            "uuid": "87ed70db-7e0a-479a-bb6e-94e89846155a",
            "isHook": false,
            "skipped": false
          }
        ],
        "suites": [],
        "passes": [],
        "failures": [
          "87ed70db-7e0a-479a-bb6e-94e89846155a"
        ],
        "pending": [],
        "skipped": [],
        "duration": 1,
        "root": false,
        "rootEmpty": false,
        "_timeout": 120000
      }
    ],
    "passes": [],
    "failures": [],
    "pending": [],
    "skipped": [],
    "duration": 0,
    "root": true,
    "rootEmpty": true,
    "_timeout": 120000
  },
  "copyrightYear": 2019
}